---
driver=<class 'textual.drivers.linux_driver.LinuxDriver'>
Load() >>> MyApp(title='Textual')
Mount() >>> MyApp(title='Textual Application')
Mount() >>> DockView(name='DockView#1')
Mount() >>> DockView(name='DockView#2')
Mount() >>> Header('')
Mount() >>> DockView(name='DockView#3')
view.forwarded Key(key='b')
Key(key='b') >>> MyApp(title='Textual Application')
ACTION MyApp(title='Textual Application') toggle_sidebar
view.forwarded Key(key='b')
Key(key='b') >>> MyApp(title='Textual Application')
ACTION MyApp(title='Textual Application') toggle_sidebar
view.forwarded Key(key='b')
Key(key='b') >>> MyApp(title='Textual Application')
ACTION MyApp(title='Textual Application') toggle_sidebar
view.forwarded Key(key='b')
Key(key='b') >>> MyApp(title='Textual Application')
ACTION MyApp(title='Textual Application') toggle_sidebar
view.forwarded Key(key='b')
Key(key='b') >>> MyApp(title='Textual Application')
ACTION MyApp(title='Textual Application') toggle_sidebar
view.forwarded Key(key='b')
Key(key='b') >>> MyApp(title='Textual Application')
ACTION MyApp(title='Textual Application') toggle_sidebar
view.forwarded Key(key='b')
Key(key='b') >>> MyApp(title='Textual Application')
ACTION MyApp(title='Textual Application') toggle_sidebar
view.forwarded Key(key='b')
Key(key='b') >>> MyApp(title='Textual Application')
ACTION MyApp(title='Textual Application') toggle_sidebar
view.forwarded Key(key='q')
Key(key='q') >>> MyApp(title='Textual Application')
ACTION MyApp(title='Textual Application') quit
CLOSED MyApp(title='Textual Application')
PROCESS END
CLOSED Header('Textual Application')
